<?xml version="1.0" encoding="UTF-8"?>
<!-- Generated by org.testng.reporters.JUnitReportReporter -->
<testsuite skipped="0" hostname="SPAY000657" name="com.ui.tests.VgCompareFundsTest" tests="1" failures="0" timestamp="23 Feb 2020 23:46:41 GMT" time="22.908" errors="0">
  <testcase name="compareFundsTest" time="22.908" classname="com.ui.tests.VgCompareFundsTest"/>
</testsuite> <!-- com.ui.tests.VgCompareFundsTest -->
